<?xml version='1.0' encoding='UTF-8'?>
<testsuite hostname="saurabh" name="ShoppingBasketTest" tests="4" errors="0" failures="0" skipped="0" time="0.024" timestamp="2023-10-23T04:10:19">
          <properties>
      <property name="awt.toolkit" value="sun.awt.windows.WToolkit"/><property name="java.specification.version" value="11"/><property name="sun.cpu.isalist" value="amd64"/><property name="sun.jnu.encoding" value="Cp1252"/><property name="sun.arch.data.model" value="64"/><property name="sbt.supershell" value="false"/><property name="java.vendor.url" value="https://adoptium.net/"/><property name="sun.boot.library.path" value="C:\Users\saura\AppData\Local\Coursier\cache\arc\https\github.com\adoptium\temurin11-binaries\releases\download\jdk-11.0.20.1%252B1\OpenJDK11U-jdk_x64_windows_hotspot_11.0.20.1_1.zip\jdk-11.0.20.1+1\bin"/><property name="sun.java.command" value="C:\Users\saura\AppData\Roaming\JetBrains\IdeaIC2023.2\plugins\Scala\launcher\sbt-launch.jar early(addPluginSbtFile=&quot;&quot;&quot;C:\Users\saura\AppData\Local\Temp\idea.sbt&quot;&quot;&quot;) ; set ideaPort in Global := 53531 ; idea-shell"/><property name="jdk.debug" value="release"/><property name="sun.stderr.encoding" value="cp850"/><property name="java.specification.vendor" value="Oracle Corporation"/><property name="java.version.date" value="2023-08-24"/><property name="java.home" value="C:\Users\saura\AppData\Local\Coursier\cache\arc\https\github.com\adoptium\temurin11-binaries\releases\download\jdk-11.0.20.1%252B1\OpenJDK11U-jdk_x64_windows_hotspot_11.0.20.1_1.zip\jdk-11.0.20.1+1"/><property name="file.separator" value="\"/><property name="java.vm.compressedOopsMode" value="32-bit"/><property name="line.separator" value="
"/><property name="sun.stdout.encoding" value="cp850"/><property name="java.specification.name" value="Java Platform API Specification"/><property name="java.vm.specification.vendor" value="Oracle Corporation"/><property name="idea.installation.dir" value="C:\Program Files\JetBrains\IntelliJ IDEA Community Edition 2023.2.3"/><property name="user.script" value=""/><property name="sun.management.compiler" value="HotSpot 64-Bit Tiered Compilers"/><property name="java.runtime.version" value="11.0.20.1+1"/><property name="user.name" value="saura"/><property name="log4j.ignoreTCL" value="true"/><property name="file.encoding" value="UTF-8"/><property name="jnidispatch.path" value="C:\Users\saura\AppData\Local\Temp\jna-109210710\jna103685096073174856.dll"/><property name="java.vendor.version" value="Temurin-11.0.20.1+1"/><property name="jna.loaded" value="true"/><property name="java.io.tmpdir" value="C:\Users\saura\AppData\Local\Temp\"/><property name="java.version" value="11.0.20.1"/><property name="java.vm.specification.name" value="Java Virtual Machine Specification"/><property name="java.awt.printerjob" value="sun.awt.windows.WPrinterJob"/><property name="sun.os.patch.level" value=""/><property name="java.library.path" value="C:\Users\saura\AppData\Local\Coursier\cache\arc\https\github.com\adoptium\temurin11-binaries\releases\download\jdk-11.0.20.1%252B1\OpenJDK11U-jdk_x64_windows_hotspot_11.0.20.1_1.zip\jdk-11.0.20.1+1\bin;C:\WINDOWS\Sun\Java\bin;C:\WINDOWS\system32;C:\WINDOWS;C:\WINDOWS\system32;C:\WINDOWS;C:\WINDOWS\System32\Wbem;C:\WINDOWS\System32\WindowsPowerShell\v1.0\;C:\WINDOWS\System32\OpenSSH\;C:\Users\saura\AppData\Local\Microsoft\WindowsApps;;C:\Users\saura\AppData\Local\Coursier\cache\arc\https\github.com\adoptium\temurin11-binaries\releases\download\jdk-11.0.20.1%252B1\OpenJDK11U-jdk_x64_windows_hotspot_11.0.20.1_1.zip\jdk-11.0.20.1+1\bin;C:\Users\saura\AppData\Local\Coursier\data\bin;C:\Program Files\JetBrains\IntelliJ IDEA Community Edition 2023.2.3\bin;;."/><property name="java.vendor" value="Eclipse Adoptium"/><property name="java.specification.maintenance.version" value="2"/><property name="sun.io.unicode.encoding" value="UnicodeLittle"/><property name="sun.desktop" value="windows"/><property name="java.class.path" value="C:\Users\saura\AppData\Roaming\JetBrains\IdeaIC2023.2\plugins\Scala\launcher\sbt-launch.jar"/><property name="java.vm.vendor" value="Eclipse Adoptium"/><property name="user.variant" value=""/><property name="jline.shutdownhook" value="false"/><property name="user.timezone" value="Europe/London"/><property name="os.name" value="Windows 11"/><property name="java.vm.specification.version" value="11"/><property name="sun.java.launcher" value="SUN_STANDARD"/><property name="user.country" value="GB"/><property name="sun.cpu.endian" value="little"/><property name="user.home" value="C:\Users\saura"/><property name="user.language" value="en"/><property name="sbt.ipcsocket.tmpdir" value="C:\Users\saura\AppData\Local\Temp\.sbte8218ca4\ipcsocket"/><property name="swoval.tmpdir" value="C:\Users\saura\AppData\Local\Temp\.sbte8218ca4\swoval"/><property name="java.awt.graphicsenv" value="sun.awt.Win32GraphicsEnvironment"/><property name="jline.esc.timeout" value="0"/><property name="path.separator" value=";"/><property name="os.version" value="10.0"/><property name="jna.nosys" value="true"/><property name="java.runtime.name" value="OpenJDK Runtime Environment"/><property name="sbt.log.noformat" value="true"/><property name="java.vm.name" value="OpenJDK 64-Bit Server VM"/><property name="java.vendor.url.bug" value="https://github.com/adoptium/adoptium-support/issues"/><property name="user.dir" value="C:\Users\saura\IdeaProjects\shoppingbasket"/><property name="os.arch" value="amd64"/><property name="idea.managed" value="true"/><property name="java.vm.info" value="mixed mode"/><property name="java.vm.version" value="11.0.20.1+1"/><property name="java.class.version" value="55.0"/>
    </properties>
          <testcase classname="ShoppingBasketTest" name="shoppingbasket.subtotal" time="0.023">
                      
                    </testcase><testcase classname="ShoppingBasketTest" name="shoppingbasket.applediscount" time="0.001">
                      
                    </testcase><testcase classname="ShoppingBasketTest" name="shoppingbasket.soupbreaddiscount" time="0.0">
                      
                    </testcase><testcase classname="ShoppingBasketTest" name="shoppingbasket.results" time="0.0">
                      
                    </testcase>
          <system-out><![CDATA[]]></system-out>
          <system-err><![CDATA[]]></system-err>
        </testsuite>